<?xml version="1.0" encoding="utf-8"?><testsuites name="pytest tests"><testsuite name="pytest" errors="0" failures="0" skipped="0" tests="15" time="37.207" timestamp="2026-06-10T06:13:35.845346+00:00" hostname="agent-env-fd9d0574-7864-4740-8a00-bdf04af92401"><testcase classname="backend.tests.test_training_api.TestHealth" name="test_root" time="0.449" /><testcase classname="backend.tests.test_training_api.TestHealth" name="test_setup_init_idempotent" time="1.260" /><testcase classname="backend.tests.test_training_api.TestMe" name="test_me_no_token" time="0.132" /><testcase classname="backend.tests.test_training_api.TestMe" name="test_me_admin" time="2.219" /><testcase classname="backend.tests.test_training_api.TestTraineesCRUD" name="test_list_trainees_contains_created" time="4.969" /><testcase classname="backend.tests.test_training_api.TestTraineesCRUD" name="test_get_trainee_detail" time="1.379" /><testcase classname="backend.tests.test_training_api.TestTraineesCRUD" name="test_create_duplicate_username_rejected" time="1.075" /><testcase classname="backend.tests.test_training_api.TestTraineesCRUD" name="test_promote_trainee" time="3.537" /><testcase classname="backend.tests.test_training_api.TestTraineesCRUD" name="test_update_trainee_manager" time="2.457" /><testcase classname="backend.tests.test_training_api.TestTraineesCRUD" name="test_zz_delete_and_verify" time="4.700" /><testcase classname="backend.tests.test_training_api.TestTraineeFlow" name="test_me_trainee_role" time="3.720" /><testcase classname="backend.tests.test_training_api.TestTraineeFlow" name="test_trainee_cannot_list_trainees" time="0.765" /><testcase classname="backend.tests.test_training_api.TestTraineeFlow" name="test_no_token_admin_list" time="0.147" /><testcase classname="backend.tests.test_training_api.TestTraineeFlow" name="test_progress_upsert_delta_and_watched" time="7.134" /><testcase classname="backend.tests.test_training_api.TestTraineeFlow" name="test_admin_cannot_post_progress" time="3.052" /></testsuite></testsuites>